# JRE version: OpenJDK Runtime Environment (11.0.12+7) (build 11.0.12+7-b1504.28-7817840)
# Java VM: OpenJDK 64-Bit Server VM (11.0.12+7-b1504.28-7817840, mixed mode, tiered, compressed oops, g1 gc, windows-amd64)
Heap:
 garbage-first heap   total 324608K, used 281298K [0x0000000080000000, 0x0000000100000000)
  region size 1024K, 66 young (67584K), 1 survivors (1024K)
 Metaspace       used 229921K, capacity 236647K, committed 237004K, reserved 1255424K
  class space    used 29456K, capacity 31853K, committed 31948K, reserved 1048576K
GC Heap History (20 events):
Event: 1939.160 GC heap after
{Heap after GC invocations=185 (full 0):
 garbage-first heap   total 324608K, used 190430K [0x0000000080000000, 0x0000000100000000)
  region size 1024K, 1 young (1024K), 1 survivors (1024K)
 Metaspace       used 204439K, capacity 210962K, committed 212172K, reserved 1232896K
  class space    used 25962K, capacity 28258K, committed 28620K, reserved 1048576K
}
Event: 1939.593 GC heap before
{Heap before GC invocations=185 (full 0):
 garbage-first heap   total 324608K, used 281566K [0x0000000080000000, 0x0000000100000000)
  region size 1024K, 90 young (92160K), 1 survivors (1024K)
 Metaspace       used 204439K, capacity 210962K, committed 212172K, reserved 1232896K
  class space    used 25962K, capacity 28258K, committed 28620K, reserved 1048576K
}
Event: 1939.597 GC heap after
{Heap after GC invocations=186 (full 0):
 garbage-first heap   total 324608K, used 190624K [0x0000000080000000, 0x0000000100000000)
  region size 1024K, 1 young (1024K), 1 survivors (1024K)
 Metaspace       used 204439K, capacity 210962K, committed 212172K, reserved 1232896K
  class space    used 25962K, capacity 28258K, committed 28620K, reserved 1048576K
}
Event: 1940.300 GC heap before
{Heap before GC invocations=187 (full 0):
 garbage-first heap   total 324608K, used 245920K [0x0000000080000000, 0x0000000100000000)
  region size 1024K, 56 young (57344K), 1 survivors (1024K)
 Metaspace       used 204439K, capacity 210962K, committed 212172K, reserved 1232896K
  class space    used 25962K, capacity 28258K, committed 28620K, reserved 1048576K
}
Event: 1940.303 GC heap after
{Heap after GC invocations=188 (full 0):
 garbage-first heap   total 324608K, used 189996K [0x0000000080000000, 0x0000000100000000)
  region size 1024K, 1 young (1024K), 1 survivors (1024K)
 Metaspace       used 204439K, capacity 210962K, committed 212172K, reserved 1232896K
  class space    used 25962K, capacity 28258K, committed 28620K, reserved 1048576K
}
Event: 1941.169 GC heap before
{Heap before GC invocations=189 (full 0):
 garbage-first heap   total 324608K, used 274988K [0x0000000080000000, 0x0000000100000000)
  region size 1024K, 85 young (87040K), 1 survivors (1024K)
 Metaspace       used 214038K, capacity 220673K, committed 221132K, reserved 1241088K
  class space    used 27160K, capacity 29488K, committed 29644K, reserved 1048576K
}
Event: 1941.179 GC heap after
{Heap after GC invocations=190 (full 0):
 garbage-first heap   total 324608K, used 197981K [0x0000000080000000, 0x0000000100000000)
  region size 1024K, 7 young (7168K), 7 survivors (7168K)
 Metaspace       used 214038K, capacity 220673K, committed 221132K, reserved 1241088K
  class space    used 27160K, capacity 29488K, committed 29644K, reserved 1048576K
}
Event: 1942.098 GC heap before
{Heap before GC invocations=191 (full 0):
 garbage-first heap   total 324608K, used 281949K [0x0000000080000000, 0x0000000100000000)
  region size 1024K, 88 young (90112K), 7 survivors (7168K)
 Metaspace       used 221204K, capacity 228034K, committed 228556K, reserved 1247232K
  class space    used 28308K, capacity 30705K, committed 30924K, reserved 1048576K
}
Event: 1942.110 GC heap after
{Heap after GC invocations=192 (full 0):
 garbage-first heap   total 324608K, used 203273K [0x0000000080000000, 0x0000000100000000)
  region size 1024K, 6 young (6144K), 6 survivors (6144K)
 Metaspace       used 221204K, capacity 228034K, committed 228556K, reserved 1247232K
  class space    used 28308K, capacity 30705K, committed 30924K, reserved 1048576K
}
Event: 1977.356 GC heap before
{Heap before GC invocations=192 (full 0):
 garbage-first heap   total 324608K, used 280073K [0x0000000080000000, 0x0000000100000000)
  region size 1024K, 81 young (82944K), 6 survivors (6144K)
 Metaspace       used 224046K, capacity 230855K, committed 231372K, reserved 1249280K
  class space    used 28686K, capacity 31068K, committed 31180K, reserved 1048576K
}
Event: 1977.365 GC heap after
{Heap after GC invocations=193 (full 0):
 garbage-first heap   total 324608K, used 206620K [0x0000000080000000, 0x0000000100000000)
  region size 1024K, 9 young (9216K), 9 survivors (9216K)
 Metaspace       used 224046K, capacity 230855K, committed 231372K, reserved 1249280K
  class space    used 28686K, capacity 31068K, committed 31180K, reserved 1048576K
}
Event: 1977.935 GC heap before
{Heap before GC invocations=194 (full 0):
 garbage-first heap   total 324608K, used 255772K [0x0000000080000000, 0x0000000100000000)
  region size 1024K, 58 young (59392K), 9 survivors (9216K)
 Metaspace       used 229081K, capacity 235836K, committed 236236K, reserved 1253376K
  class space    used 29395K, capacity 31796K, committed 31948K, reserved 1048576K
}
Event: 1977.952 GC heap after
{Heap after GC invocations=195 (full 0):
 garbage-first heap   total 324608K, used 209465K [0x0000000080000000, 0x0000000100000000)
  region size 1024K, 7 young (7168K), 7 survivors (7168K)
 Metaspace       used 229081K, capacity 235836K, committed 236236K, reserved 1253376K
  class space    used 29395K, capacity 31796K, committed 31948K, reserved 1048576K
}
Event: 1978.513 GC heap before
{Heap before GC invocations=195 (full 0):
 garbage-first heap   total 324608K, used 278073K [0x0000000080000000, 0x0000000100000000)
  region size 1024K, 72 young (73728K), 7 survivors (7168K)
 Metaspace       used 229509K, capacity 236316K, committed 236748K, reserved 1253376K
  class space    used 29416K, capacity 31828K, committed 31948K, reserved 1048576K
}
Event: 1978.524 GC heap after
{Heap after GC invocations=196 (full 0):
 garbage-first heap   total 324608K, used 214155K [0x0000000080000000, 0x0000000100000000)
  region size 1024K, 7 young (7168K), 7 survivors (7168K)
 Metaspace       used 229509K, capacity 236316K, committed 236748K, reserved 1253376K
  class space    used 29416K, capacity 31828K, committed 31948K, reserved 1048576K
}
Event: 1978.864 GC heap before
{Heap before GC invocations=197 (full 0):
 garbage-first heap   total 324608K, used 278667K [0x0000000080000000, 0x0000000100000000)
  region size 1024K, 70 young (71680K), 7 survivors (7168K)
 Metaspace       used 229514K, capacity 236316K, committed 236748K, reserved 1253376K
  class space    used 29416K, capacity 31828K, committed 31948K, reserved 1048576K
}
Event: 1978.873 GC heap after
{Heap after GC invocations=198 (full 0):
 garbage-first heap   total 324608K, used 214767K [0x0000000080000000, 0x0000000100000000)
  region size 1024K, 4 young (4096K), 4 survivors (4096K)
 Metaspace       used 229514K, capacity 236316K, committed 236748K, reserved 1253376K
  class space    used 29416K, capacity 31828K, committed 31948K, reserved 1048576K
}
Event: 1979.134 GC heap before
{Heap before GC invocations=198 (full 0):
 garbage-first heap   total 324608K, used 280303K [0x0000000080000000, 0x0000000100000000)
  region size 1024K, 68 young (69632K), 4 survivors (4096K)
 Metaspace       used 229518K, capacity 236316K, committed 236748K, reserved 1253376K
  class space    used 29417K, capacity 31828K, committed 31948K, reserved 1048576K
}
Event: 1979.137 GC heap after
{Heap after GC invocations=199 (full 0):
 garbage-first heap   total 324608K, used 214738K [0x0000000080000000, 0x0000000100000000)
  region size 1024K, 4 young (4096K), 4 survivors (4096K)
 Metaspace       used 229518K, capacity 236316K, committed 236748K, reserved 1253376K
  class space    used 29417K, capacity 31828K, committed 31948K, reserved 1048576K
}
Event: 1981.164 GC heap before
{Heap before GC invocations=200 (full 0):
 garbage-first heap   total 324608K, used 281298K [0x0000000080000000, 0x0000000100000000)
  region size 1024K, 69 young (70656K), 4 survivors (4096K)
 Metaspace       used 229921K, capacity 236647K, committed 237004K, reserved 1255424K
  class space    used 29456K, capacity 31853K, committed 31948K, reserved 1048576K
}

